<?xml version="1.0" encoding="UTF-8"?>
<Site BuildName="(empty)"
	BuildStamp="20231205-1547-Experimental"
	Name="(empty)"
	Generator="ctest-3.22.1"
	CompilerName=""
	CompilerVersion=""
	OSName="Linux"
	Hostname="lisa-Latitude-E7270"
	OSRelease="5.15.0-89-generic"
	OSVersion="#99-Ubuntu SMP Mon Oct 30 20:42:41 UTC 2023"
	OSPlatform="x86_64"
	Is64Bits="1"
	VendorString="GenuineIntel"
	VendorID="Intel Corporation"
	FamilyID="6"
	ModelID="78"
	ProcessorCacheSize="3072"
	NumberOfLogicalCPU="4"
	NumberOfPhysicalCPU="2"
	TotalVirtualMemory="2047"
	TotalPhysicalMemory="15881"
	LogicalProcessorsPerPhysical="2"
	ProcessorClockFrequency="2775.78"
	>
	<Testing>
		<StartDateTime>Dec 05 16:47 CET</StartDateTime>
		<StartTestTime>1701791233</StartTestTime>
		<TestList/>
		<EndDateTime>Dec 05 16:47 CET</EndDateTime>
		<EndTestTime>1701791233</EndTestTime>
		<ElapsedMinutes>0</ElapsedMinutes>
	</Testing>
</Site>
